{
  "RSpec": {
    "coverage": {
      "C:/Users/Usuario/Desktop/Licenciatura en Ciencias de la Computación/Tercer año/Ingeniería de Software/AYDS-IS-Proyecto-2024/app/app.rb": {
        "lines": [
          1,
          1,
          1,
          1,
          1,
          1,
          null,
          1,
          null,
          1,
          1,
          null,
          1,
          1,
          1,
          1,
          1,
          null,
          1,
          null,
          null,
          1,
          null,
          1,
          902,
          null,
          9,
          null,
          null,
          null,
          1,
          null,
          1,
          null,
          null,
          1,
          29,
          29,
          null,
          null,
          1,
          1,
          0,
          null,
          1,
          null,
          null,
          null,
          null,
          1,
          0,
          null,
          null,
          1,
          22,
          null,
          null,
          1,
          12,
          12,
          null,
          12,
          2,
          2,
          null,
          null,
          10,
          null,
          10,
          9,
          9,
          null,
          1,
          1,
          null,
          null,
          null,
          1,
          26,
          26,
          null,
          null,
          1,
          1,
          null,
          null,
          1,
          6,
          6,
          6,
          null,
          6,
          3,
          3,
          null,
          null,
          3,
          1,
          1,
          null,
          null,
          2,
          1,
          1,
          null,
          null,
          1,
          1,
          null,
          1,
          1,
          1,
          null,
          0,
          0,
          null,
          null,
          null,
          1,
          2,
          2,
          null,
          2,
          0,
          null,
          2,
          null,
          null,
          null,
          1,
          1,
          1,
          1,
          null,
          1,
          0,
          1,
          1,
          0,
          0,
          null,
          0,
          0,
          0,
          0,
          null,
          0,
          0,
          null,
          null,
          null,
          null,
          1,
          1,
          0,
          0,
          0,
          0,
          null,
          1,
          null,
          null,
          null,
          1,
          0,
          0,
          0,
          null,
          0,
          0,
          null,
          0,
          0,
          null,
          0,
          0,
          null,
          0,
          null,
          null,
          null,
          1,
          4,
          4,
          4,
          null,
          null,
          1,
          0,
          0,
          0,
          null,
          null,
          1,
          1,
          null,
          null,
          1,
          0,
          0,
          0,
          null,
          0,
          null,
          null,
          null,
          1,
          0,
          0,
          0,
          null,
          0,
          null,
          null,
          null,
          1,
          0,
          0,
          0,
          0,
          0,
          null,
          0,
          null,
          null,
          null,
          1,
          1,
          1,
          1,
          null,
          null
        ]
      },
      "C:/Users/Usuario/Desktop/Licenciatura en Ciencias de la Computación/Tercer año/Ingeniería de Software/AYDS-IS-Proyecto-2024/app/helpers.rb": {
        "lines": [
          1,
          1,
          29,
          null,
          29,
          0,
          0,
          0,
          null,
          null,
          null,
          null,
          1,
          1,
          2,
          null,
          1,
          1,
          null,
          null,
          null,
          1,
          null,
          0,
          0,
          0,
          0,
          null,
          0,
          0,
          null,
          0,
          0,
          null,
          null,
          1,
          0,
          0,
          0,
          0,
          null,
          0,
          null,
          0,
          null,
          null
        ]
      },
      "C:/Users/Usuario/Desktop/Licenciatura en Ciencias de la Computación/Tercer año/Ingeniería de Software/AYDS-IS-Proyecto-2024/app/models/user.rb": {
        "lines": [
          1,
          null,
          1,
          null,
          1,
          0,
          0,
          null,
          null,
          1,
          0,
          0,
          0,
          null,
          0,
          null,
          null,
          null,
          1,
          0,
          0,
          0,
          null,
          0,
          null,
          null,
          null
        ]
      },
      "C:/Users/Usuario/Desktop/Licenciatura en Ciencias de la Computación/Tercer año/Ingeniería de Software/AYDS-IS-Proyecto-2024/app/models/question.rb": {
        "lines": [
          1,
          null,
          1,
          null,
          1,
          null
        ]
      },
      "C:/Users/Usuario/Desktop/Licenciatura en Ciencias de la Computación/Tercer año/Ingeniería de Software/AYDS-IS-Proyecto-2024/app/models/option.rb": {
        "lines": [
          1,
          null,
          1,
          null
        ]
      },
      "C:/Users/Usuario/Desktop/Licenciatura en Ciencias de la Computación/Tercer año/Ingeniería de Software/AYDS-IS-Proyecto-2024/app/models/lesson.rb": {
        "lines": [
          1,
          null,
          1,
          null
        ]
      },
      "C:/Users/Usuario/Desktop/Licenciatura en Ciencias de la Computación/Tercer año/Ingeniería de Software/AYDS-IS-Proyecto-2024/app/models/progress.rb": {
        "lines": [
          1,
          null,
          1,
          null,
          null,
          null,
          1,
          null,
          null,
          null,
          null,
          1,
          0,
          0,
          0,
          0,
          0,
          null,
          null,
          1,
          0,
          0,
          null,
          null,
          1,
          0,
          0,
          null,
          null,
          1,
          2,
          2,
          0,
          null,
          null,
          1,
          0,
          null,
          null,
          1,
          0,
          null,
          null,
          1,
          null,
          null,
          1,
          0,
          null,
          null,
          null,
          null
        ]
      },
      "C:/Users/Usuario/Desktop/Licenciatura en Ciencias de la Computación/Tercer año/Ingeniería de Software/AYDS-IS-Proyecto-2024/app/spec/app_spec.rb": {
        "lines": [
          1,
          1,
          1,
          1,
          1,
          null,
          1,
          1,
          null,
          1,
          29,
          null,
          null,
          null,
          null,
          null,
          null,
          null,
          1,
          1,
          11,
          11,
          null,
          null,
          1,
          1,
          1,
          null,
          null,
          1,
          1,
          1,
          null,
          null,
          1,
          1,
          1,
          null,
          null,
          null,
          null,
          null,
          1,
          1,
          1,
          1,
          1,
          null,
          null,
          1,
          1,
          1,
          1,
          1,
          null,
          null,
          1,
          1,
          1,
          1,
          1,
          null,
          null,
          1,
          1,
          1,
          1,
          1,
          null,
          null,
          1,
          1,
          1,
          1,
          1,
          null,
          null,
          1,
          1,
          1,
          1,
          1,
          null,
          null,
          1,
          1,
          1,
          1,
          1,
          null,
          null,
          1,
          1,
          1,
          1,
          1,
          null,
          null,
          null,
          null,
          null,
          null,
          null,
          1,
          1,
          null,
          7,
          null,
          null,
          7,
          null,
          null,
          1,
          1,
          1,
          1,
          null,
          null,
          1,
          null,
          1,
          1,
          1,
          null,
          null,
          1,
          1,
          1,
          1,
          1,
          null,
          null,
          1,
          1,
          1,
          null,
          null,
          1,
          1,
          1,
          null,
          null,
          1,
          null,
          1,
          1,
          1,
          1,
          1,
          1,
          1,
          null,
          null,
          1,
          1,
          1,
          1,
          1,
          null,
          null,
          null,
          null,
          null,
          null,
          null,
          1,
          null,
          1,
          null,
          4,
          null,
          null,
          1,
          1,
          1,
          null,
          null,
          1,
          1,
          1,
          null,
          null,
          1,
          1,
          1,
          1,
          1,
          0,
          null,
          null,
          1,
          1,
          1,
          1,
          null,
          null,
          null,
          null,
          null,
          null,
          null,
          null,
          1,
          1,
          null,
          6,
          null,
          null,
          1,
          null,
          6,
          null,
          null,
          1,
          1,
          1,
          null,
          null,
          1,
          1,
          1,
          null,
          null,
          1,
          1,
          1,
          null,
          null,
          1,
          1,
          1,
          1,
          1,
          null,
          null,
          1,
          1,
          1,
          1,
          null,
          null,
          1,
          1,
          1,
          1,
          null,
          null,
          null,
          null,
          null,
          null,
          null,
          1,
          1,
          1,
          1,
          1,
          null,
          null,
          1,
          null,
          1,
          1,
          null,
          null,
          1,
          null,
          null,
          1,
          null,
          null,
          1,
          null,
          null,
          1,
          null,
          null,
          1,
          null,
          null,
          null,
          null
        ]
      }
    },
    "timestamp": 1724728075
  }
}
